<?xml version="1.0" encoding="UTF-8"?>
<testng-results ignored="0" total="1" passed="1" failed="0" skipped="0">
  <reporter-output>
  </reporter-output>
  <suite started-at="2024-07-07T16:48:48 IST" name="Default suite" finished-at="2024-07-07T16:49:37 IST" duration-ms="48351">
    <groups>
    </groups>
    <test started-at="2024-07-07T16:48:48 IST" name="Default test" finished-at="2024-07-07T16:49:37 IST" duration-ms="48351">
      <class name="Amazon.TestCases.Amazon_TC5">
        <test-method signature="Select_Address()[pri:0, instance:Amazon.TestCases.Amazon_TC5@2fb3536e]" started-at="2024-07-07T16:48:48 IST" name="Select_Address" finished-at="2024-07-07T16:49:37 IST" duration-ms="48266" status="PASS">
          <reporter-output>
          </reporter-output>
        </test-method> <!-- Select_Address -->
      </class> <!-- Amazon.TestCases.Amazon_TC5 -->
    </test> <!-- Default test -->
  </suite> <!-- Default suite -->
</testng-results>
